  Ch02_Operation.cpp
C:\Users\ASUS\Downloads\cpp-basic\Ch02_Operation.cpp(1,1): warning C4819: The file contains a character that cannot be represented in the current code page (949). Save the file in Unicode format to prevent data loss
C:\Users\ASUS\Downloads\cpp-basic\io.h(1,1): warning C4819: The file contains a character that cannot be represented in the current code page (949). Save the file in Unicode format to prevent data loss
C:\Users\ASUS\Downloads\cpp-basic\Ch02_Operation.cpp(26,3): error C2065: 'Decrease': undeclared identifier
C:\Users\ASUS\Downloads\cpp-basic\Ch02_Operation.cpp(26,14): error C2065: 'Decrease': undeclared identifier
C:\Users\ASUS\Downloads\cpp-basic\Ch02_Operation.cpp(28,31): error C2065: 'Decrease': undeclared identifier
C:\Users\ASUS\Downloads\cpp-basic\Ch02_Operation.cpp(31,3): error C2065: 'Decrease': undeclared identifier
C:\Users\ASUS\Downloads\cpp-basic\Ch02_Operation.cpp(33,31): error C2065: 'Decrease': undeclared identifier
C:\Users\ASUS\Downloads\cpp-basic\Ch02_Operation.cpp(37,3): error C2065: 'Decrease': undeclared identifier
C:\Users\ASUS\Downloads\cpp-basic\Ch02_Operation.cpp(39,31): error C2065: 'Decrease': undeclared identifier
  Ch03_Statement.cpp
C:\Users\ASUS\Downloads\cpp-basic\Ch03_Statement.cpp(1,1): warning C4819: The file contains a character that cannot be represented in the current code page (949). Save the file in Unicode format to prevent data loss
C:\Users\ASUS\Downloads\cpp-basic\io.h(1,1): warning C4819: The file contains a character that cannot be represented in the current code page (949). Save the file in Unicode format to prevent data loss
C:\Users\ASUS\Downloads\cpp-basic\Ch03_Statement.cpp(16,13): error C2001: newline in constant
C:\Users\ASUS\Downloads\cpp-basic\Ch03_Statement.cpp(17,3): error C2143: syntax error: missing ';' before '}'
C:\Users\ASUS\Downloads\cpp-basic\Ch03_Statement.cpp(22,13): error C2001: newline in constant
C:\Users\ASUS\Downloads\cpp-basic\Ch03_Statement.cpp(23,3): error C2143: syntax error: missing ';' before '}'
C:\Users\ASUS\Downloads\cpp-basic\Ch03_Statement.cpp(24,13): error C2001: newline in constant
C:\Users\ASUS\Downloads\cpp-basic\Ch03_Statement.cpp(25,3): error C2143: syntax error: missing ';' before '}'
C:\Users\ASUS\Downloads\cpp-basic\Ch03_Statement.cpp(26,13): error C2001: newline in constant
C:\Users\ASUS\Downloads\cpp-basic\Ch03_Statement.cpp(27,3): error C2143: syntax error: missing ';' before '}'
C:\Users\ASUS\Downloads\cpp-basic\Ch03_Statement.cpp(40,13): error C2001: newline in constant
C:\Users\ASUS\Downloads\cpp-basic\Ch03_Statement.cpp(41,3): error C2143: syntax error: missing ';' before '}'
C:\Users\ASUS\Downloads\cpp-basic\Ch03_Statement.cpp(59,13): error C2001: newline in constant
C:\Users\ASUS\Downloads\cpp-basic\Ch03_Statement.cpp(60,3): error C2143: syntax error: missing ';' before '}'
C:\Users\ASUS\Downloads\cpp-basic\Ch03_Statement.cpp(73,13): error C2001: newline in constant
C:\Users\ASUS\Downloads\cpp-basic\Ch03_Statement.cpp(74,3): error C2143: syntax error: missing ';' before '}'
C:\Users\ASUS\Downloads\cpp-basic\Ch03_Statement.cpp(86,6): error C2601: 'StatementSwitch': local function definitions are illegal
C:\Users\ASUS\Downloads\cpp-basic\Ch03_Statement.cpp(4,1): message : this line contains a '{' which has not yet been matched
C:\Users\ASUS\Downloads\cpp-basic\Ch03_Statement.cpp(97,13): error C2001: newline in constant
C:\Users\ASUS\Downloads\cpp-basic\Ch03_Statement.cpp(107,6): error C2601: 'StatementNestedIf': local function definitions are illegal
C:\Users\ASUS\Downloads\cpp-basic\Ch03_Statement.cpp(4,1): message : this line contains a '{' which has not yet been matched
C:\Users\ASUS\Downloads\cpp-basic\Ch03_Statement.cpp(115,13): error C2001: newline in constant
C:\Users\ASUS\Downloads\cpp-basic\Ch03_Statement.cpp(129,6): error C2601: 'StatementFor': local function definitions are illegal
C:\Users\ASUS\Downloads\cpp-basic\Ch03_Statement.cpp(4,1): message : this line contains a '{' which has not yet been matched
C:\Users\ASUS\Downloads\cpp-basic\Ch03_Statement.cpp(178,6): error C2601: 'StatementWhile': local function definitions are illegal
C:\Users\ASUS\Downloads\cpp-basic\Ch03_Statement.cpp(4,1): message : this line contains a '{' which has not yet been matched
C:\Users\ASUS\Downloads\cpp-basic\Ch03_Statement.cpp(184,13): error C2001: newline in constant
C:\Users\ASUS\Downloads\cpp-basic\Ch03_Statement.cpp(199,5): error C2601: 'GuGuDan': local function definitions are illegal
C:\Users\ASUS\Downloads\cpp-basic\Ch03_Statement.cpp(4,1): message : this line contains a '{' which has not yet been matched
C:\Users\ASUS\Downloads\cpp-basic\Ch03_Statement.cpp(212,6): error C2601: 'VarScope': local function definitions are illegal
C:\Users\ASUS\Downloads\cpp-basic\Ch03_Statement.cpp(4,1): message : this line contains a '{' which has not yet been matched
C:\Users\ASUS\Downloads\cpp-basic\Ch03_Statement.cpp(4,1): fatal  error C1075: '{': no matching token found
  Ch04-1_Example.cpp
C:\Users\ASUS\Downloads\cpp-basic\Ch04-1_Example.cpp(1,1): warning C4819: The file contains a character that cannot be represented in the current code page (949). Save the file in Unicode format to prevent data loss
C:\Users\ASUS\Downloads\cpp-basic\io.h(1,1): warning C4819: The file contains a character that cannot be represented in the current code page (949). Save the file in Unicode format to prevent data loss
C:\Users\ASUS\Downloads\cpp-basic\Ch04-1_Example.cpp(22,15): error C2001: newline in constant
C:\Users\ASUS\Downloads\cpp-basic\Ch04-1_Example.cpp(23,5): error C2143: syntax error: missing ';' before '}'
C:\Users\ASUS\Downloads\cpp-basic\Ch04-1_Example.cpp(37,15): error C2001: newline in constant
C:\Users\ASUS\Downloads\cpp-basic\Ch04-1_Example.cpp(38,5): error C2143: syntax error: missing ';' before '}'
C:\Users\ASUS\Downloads\cpp-basic\Ch04-1_Example.cpp(53,15): error C2001: newline in constant
C:\Users\ASUS\Downloads\cpp-basic\Ch04-1_Example.cpp(54,5): error C2143: syntax error: missing ';' before '}'
C:\Users\ASUS\Downloads\cpp-basic\Ch04-1_Example.cpp(85,15): error C2001: newline in constant
C:\Users\ASUS\Downloads\cpp-basic\Ch04-1_Example.cpp(86,5): error C2143: syntax error: missing ';' before '}'
C:\Users\ASUS\Downloads\cpp-basic\Ch04-1_Example.cpp(89,15): error C2001: newline in constant
C:\Users\ASUS\Downloads\cpp-basic\Ch04-1_Example.cpp(90,5): error C2143: syntax error: missing ';' before '}'
C:\Users\ASUS\Downloads\cpp-basic\Ch04-1_Example.cpp(93,15): error C2001: newline in constant
C:\Users\ASUS\Downloads\cpp-basic\Ch04-1_Example.cpp(94,5): error C2143: syntax error: missing ';' before '}'
C:\Users\ASUS\Downloads\cpp-basic\Ch04-1_Example.cpp(97,15): error C2001: newline in constant
C:\Users\ASUS\Downloads\cpp-basic\Ch04-1_Example.cpp(98,5): error C2143: syntax error: missing ';' before '}'
  Ch04-2_Example.cpp
C:\Users\ASUS\Downloads\cpp-basic\Ch04-2_Example.cpp(1,1): warning C4819: The file contains a character that cannot be represented in the current code page (949). Save the file in Unicode format to prevent data loss
C:\Users\ASUS\Downloads\cpp-basic\io.h(1,1): warning C4819: The file contains a character that cannot be represented in the current code page (949). Save the file in Unicode format to prevent data loss
C:\Users\ASUS\Downloads\cpp-basic\Ch04-2_Example.cpp(6,11): error C2001: newline in constant
C:\Users\ASUS\Downloads\cpp-basic\Ch04-2_Example.cpp(7,3): error C2146: syntax error: missing ';' before identifier 'cin'
  Ch05-1_Example.cpp
C:\Users\ASUS\Downloads\cpp-basic\Ch05-1_Example.cpp(1,1): warning C4819: The file contains a character that cannot be represented in the current code page (949). Save the file in Unicode format to prevent data loss
C:\Users\ASUS\Downloads\cpp-basic\io.h(1,1): warning C4819: The file contains a character that cannot be represented in the current code page (949). Save the file in Unicode format to prevent data loss
C:\Users\ASUS\Downloads\cpp-basic\Ch05-1_Example.cpp(9,14): error C2131: expression did not evaluate to a constant
C:\Users\ASUS\Downloads\cpp-basic\Ch05-1_Example.cpp(9,14): message : failure was caused by a read of a variable outside its lifetime
C:\Users\ASUS\Downloads\cpp-basic\Ch05-1_Example.cpp(9,14): message : see usage of 'Counter'
C:\Users\ASUS\Downloads\cpp-basic\Ch05-1_Example.cpp(13,9): warning C4552: '>>': result of expression not used
C:\Users\ASUS\Downloads\cpp-basic\Ch05-1_Example.cpp(41,14): error C2131: expression did not evaluate to a constant
C:\Users\ASUS\Downloads\cpp-basic\Ch05-1_Example.cpp(41,14): message : failure was caused by a read of a variable outside its lifetime
C:\Users\ASUS\Downloads\cpp-basic\Ch05-1_Example.cpp(41,14): message : see usage of 'Counter'
C:\Users\ASUS\Downloads\cpp-basic\Ch05-1_Example.cpp(45,9): warning C4552: '>>': result of expression not used
C:\Users\ASUS\Downloads\cpp-basic\Ch05-1_Example.cpp(52,25): warning C4552: '<<': result of expression not used
C:\Users\ASUS\Downloads\cpp-basic\Ch05-1_Example.cpp(70,5): error C2065: 'TotalMember': undeclared identifier
C:\Users\ASUS\Downloads\cpp-basic\Ch05-1_Example.cpp(74,25): error C2131: expression did not evaluate to a constant
C:\Users\ASUS\Downloads\cpp-basic\Ch05-1_Example.cpp(74,18): message : failure was caused by a read of a variable outside its lifetime
C:\Users\ASUS\Downloads\cpp-basic\Ch05-1_Example.cpp(74,18): message : see usage of 'Counter'
C:\Users\ASUS\Downloads\cpp-basic\Ch05-1_Example.cpp(77,9): warning C4552: '>>': result of expression not used
C:\Users\ASUS\Downloads\cpp-basic\Ch05-1_Example.cpp(81,14): error C2131: expression did not evaluate to a constant
C:\Users\ASUS\Downloads\cpp-basic\Ch05-1_Example.cpp(81,14): message : failure was caused by a read of a variable outside its lifetime
C:\Users\ASUS\Downloads\cpp-basic\Ch05-1_Example.cpp(81,14): message : see usage of 'Counter'
C:\Users\ASUS\Downloads\cpp-basic\Ch05-1_Example.cpp(84,14): error C3863: array type 'bool [Counter]' is not assignable
C:\Users\ASUS\Downloads\cpp-basic\Ch05-1_Example.cpp(92,27): error C2065: 'TotalMember': undeclared identifier
C:\Users\ASUS\Downloads\cpp-basic\Ch05-1_Example.cpp(94,18): error C3863: array type 'bool [Counter]' is not assignable
C:\Users\ASUS\Downloads\cpp-basic\Ch05-1_Example.cpp(114,11): error C2131: expression did not evaluate to a constant
C:\Users\ASUS\Downloads\cpp-basic\Ch05-1_Example.cpp(114,11): message : failure was caused by a read of a variable outside its lifetime
C:\Users\ASUS\Downloads\cpp-basic\Ch05-1_Example.cpp(114,11): message : see usage of 'IntNum'
C:\Users\ASUS\Downloads\cpp-basic\Ch05-1_Example.cpp(116,11): error C2001: newline in constant
C:\Users\ASUS\Downloads\cpp-basic\Ch05-1_Example.cpp(117,3): error C2146: syntax error: missing ';' before identifier 'cin'
C:\Users\ASUS\Downloads\cpp-basic\Ch05-1_Example.cpp(119,11): error C2001: newline in constant
C:\Users\ASUS\Downloads\cpp-basic\Ch05-1_Example.cpp(120,3): error C2143: syntax error: missing ';' before 'for'
C:\Users\ASUS\Downloads\cpp-basic\Ch05-1_Example.cpp(122,10): warning C4552: '>>': result of expression not used
  Ch06-1_Example.cpp
C:\Users\ASUS\Downloads\cpp-basic\Ch06-1_Example.cpp(1,1): warning C4819: The file contains a character that cannot be represented in the current code page (949). Save the file in Unicode format to prevent data loss
C:\Users\ASUS\Downloads\cpp-basic\io.h(1,1): warning C4819: The file contains a character that cannot be represented in the current code page (949). Save the file in Unicode format to prevent data loss
C:\Users\ASUS\Downloads\cpp-basic\Ch06-1_Example.cpp(29,13): error C2131: expression did not evaluate to a constant
C:\Users\ASUS\Downloads\cpp-basic\Ch06-1_Example.cpp(29,13): message : failure was caused by a read of a variable outside its lifetime
C:\Users\ASUS\Downloads\cpp-basic\Ch06-1_Example.cpp(29,13): message : see usage of 'AlphaSize'
C:\Users\ASUS\Downloads\cpp-basic\Ch06-1_Example.cpp(32,15): error C3863: array type 'int [AlphaSize]' is not assignable
C:\Users\ASUS\Downloads\cpp-basic\Ch06-1_Example.cpp(42,20): error C3863: array type 'int [AlphaSize]' is not assignable
C:\Users\ASUS\Downloads\cpp-basic\Ch06-1_Example.cpp(53,22): warning C4552: '<<': result of expression not used
  Ch07_Structure.cpp
C:\Users\ASUS\Downloads\cpp-basic\Ch07_Structure.cpp(1,1): warning C4819: The file contains a character that cannot be represented in the current code page (949). Save the file in Unicode format to prevent data loss
C:\Users\ASUS\Downloads\cpp-basic\io.h(1,1): warning C4819: The file contains a character that cannot be represented in the current code page (949). Save the file in Unicode format to prevent data loss
C:\Users\ASUS\Downloads\cpp-basic\Ch07_Structure.cpp(27,35): error C2041: illegal digit '8' for base '8'
C:\Users\ASUS\Downloads\cpp-basic\Ch07_Structure.cpp(27,35): error C2059: syntax error: 'constant'
C:\Users\ASUS\Downloads\cpp-basic\Ch07_Structure.cpp(27,46): error C2001: newline in constant
C:\Users\ASUS\Downloads\cpp-basic\Ch07_Structure.cpp(45,3): error C2065: 'day': undeclared identifier
C:\Users\ASUS\Downloads\cpp-basic\Ch07_Structure.cpp(45,7): error C2146: syntax error: missing ';' before identifier 'DayName'
C:\Users\ASUS\Downloads\cpp-basic\Ch07_Structure.cpp(45,7): error C2065: 'DayName': undeclared identifier
C:\Users\ASUS\Downloads\cpp-basic\Ch07_Structure.cpp(46,3): error C2065: 'DayName': undeclared identifier
C:\Users\ASUS\Downloads\cpp-basic\Ch07_Structure.cpp(46,13): error C2065: 'Sat': undeclared identifier
C:\Users\ASUS\Downloads\cpp-basic\Ch07_Structure.cpp(47,11): error C2065: 'DayName': undeclared identifier
C:\Users\ASUS\Downloads\cpp-basic\Ch07_Structure.cpp(50,10): error C2065: 'DayName': undeclared identifier
C:\Users\ASUS\Downloads\cpp-basic\Ch07_Structure.cpp(51,3): error C2050: switch expression not integral
C:\Users\ASUS\Downloads\cpp-basic\Ch07_Structure.cpp(52,10): error C2065: 'Sun': undeclared identifier
C:\Users\ASUS\Downloads\cpp-basic\Ch07_Structure.cpp(52,10): error C2131: expression did not evaluate to a constant
C:\Users\ASUS\Downloads\cpp-basic\Ch07_Structure.cpp(52,10): message : a non-constant (sub-)expression was encountered
C:\Users\ASUS\Downloads\cpp-basic\Ch07_Structure.cpp(54,10): error C2065: 'Mon': undeclared identifier
C:\Users\ASUS\Downloads\cpp-basic\Ch07_Structure.cpp(54,10): error C2131: expression did not evaluate to a constant
C:\Users\ASUS\Downloads\cpp-basic\Ch07_Structure.cpp(54,10): message : a non-constant (sub-)expression was encountered
C:\Users\ASUS\Downloads\cpp-basic\Ch07_Structure.cpp(56,10): error C2065: 'Tue': undeclared identifier
C:\Users\ASUS\Downloads\cpp-basic\Ch07_Structure.cpp(56,10): error C2131: expression did not evaluate to a constant
C:\Users\ASUS\Downloads\cpp-basic\Ch07_Structure.cpp(56,10): message : a non-constant (sub-)expression was encountered
C:\Users\ASUS\Downloads\cpp-basic\Ch07_Structure.cpp(58,10): error C2065: 'Wed': undeclared identifier
C:\Users\ASUS\Downloads\cpp-basic\Ch07_Structure.cpp(58,10): error C2131: expression did not evaluate to a constant
C:\Users\ASUS\Downloads\cpp-basic\Ch07_Structure.cpp(58,10): message : a non-constant (sub-)expression was encountered
C:\Users\ASUS\Downloads\cpp-basic\Ch07_Structure.cpp(60,10): error C2065: 'Thu': undeclared identifier
C:\Users\ASUS\Downloads\cpp-basic\Ch07_Structure.cpp(60,10): error C2131: expression did not evaluate to a constant
C:\Users\ASUS\Downloads\cpp-basic\Ch07_Structure.cpp(60,10): message : a non-constant (sub-)expression was encountered
C:\Users\ASUS\Downloads\cpp-basic\Ch07_Structure.cpp(62,10): error C2065: 'Fri': undeclared identifier
C:\Users\ASUS\Downloads\cpp-basic\Ch07_Structure.cpp(62,10): error C2131: expression did not evaluate to a constant
C:\Users\ASUS\Downloads\cpp-basic\Ch07_Structure.cpp(62,10): message : a non-constant (sub-)expression was encountered
C:\Users\ASUS\Downloads\cpp-basic\Ch07_Structure.cpp(64,10): error C2065: 'Sat': undeclared identifier
C:\Users\ASUS\Downloads\cpp-basic\Ch07_Structure.cpp(64,10): error C2131: expression did not evaluate to a constant
C:\Users\ASUS\Downloads\cpp-basic\Ch07_Structure.cpp(64,10): message : a non-constant (sub-)expression was encountered
C:\Users\ASUS\Downloads\cpp-basic\Ch07_Structure.cpp(52,5): error C2051: case expression not constant
C:\Users\ASUS\Downloads\cpp-basic\Ch07_Structure.cpp(54,5): error C2051: case expression not constant
C:\Users\ASUS\Downloads\cpp-basic\Ch07_Structure.cpp(56,5): error C2051: case expression not constant
C:\Users\ASUS\Downloads\cpp-basic\Ch07_Structure.cpp(58,5): error C2051: case expression not constant
C:\Users\ASUS\Downloads\cpp-basic\Ch07_Structure.cpp(60,5): error C2051: case expression not constant
C:\Users\ASUS\Downloads\cpp-basic\Ch07_Structure.cpp(62,5): error C2051: case expression not constant
C:\Users\ASUS\Downloads\cpp-basic\Ch07_Structure.cpp(64,5): error C2051: case expression not constant
C:\Users\ASUS\Downloads\cpp-basic\Ch07_Structure.cpp(66,3): warning C4060: switch statement contains no 'case' or 'default' labels
  Generating Code...
